<?xml version="1.0" encoding="UTF-8"?>
<testsuite xmlns:xsi="http://www.w3.org/2001/XMLSchema-instance" xsi:noNamespaceSchemaLocation="https://maven.apache.org/surefire/maven-surefire-plugin/xsd/surefire-test-report-3.0.xsd" version="3.0" name="co.edu.javeriana.ingsoft.tdd.AppTest" time="0.19" tests="2" errors="0" skipped="0" failures="0">
  <properties>
    <property name="java.specification.version" value="21"/>
    <property name="sun.cpu.isalist" value="amd64"/>
    <property name="sun.jnu.encoding" value="Cp1252"/>
    <property name="java.class.path" value="F:\Desarrollo\mintransporte\servicios\bpm\record\pruebas-unitarias\target\test-classes;F:\Desarrollo\mintransporte\servicios\bpm\record\pruebas-unitarias\target\classes;C:\Users\andyb\.m2\repository\org\junit\jupiter\junit-jupiter-api\5.11.0-RC1\junit-jupiter-api-5.11.0-RC1.jar;C:\Users\andyb\.m2\repository\org\opentest4j\opentest4j\1.3.0\opentest4j-1.3.0.jar;C:\Users\andyb\.m2\repository\org\junit\platform\junit-platform-commons\1.11.0-RC1\junit-platform-commons-1.11.0-RC1.jar;C:\Users\andyb\.m2\repository\org\apiguardian\apiguardian-api\1.1.2\apiguardian-api-1.1.2.jar;"/>
    <property name="java.vm.vendor" value="Amazon.com Inc."/>
    <property name="sun.arch.data.model" value="64"/>
    <property name="user.variant" value=""/>
    <property name="java.vendor.url" value="https://aws.amazon.com/corretto/"/>
    <property name="user.timezone" value="America/Bogota"/>
    <property name="os.name" value="Windows 11"/>
    <property name="java.vm.specification.version" value="21"/>
    <property name="sun.java.launcher" value="SUN_STANDARD"/>
    <property name="user.country" value="US"/>
    <property name="sun.boot.library.path" value="C:\Users\andyb\.jdks\corretto-21.0.3\bin"/>
    <property name="sun.java.command" value="C:\Users\andyb\AppData\Local\Temp\surefire13220805892161093978\surefirebooter-20240809080809981_3.jar C:\Users\andyb\AppData\Local\Temp\surefire13220805892161093978 2024-08-09T08-08-07_537-jvmRun1 surefire-20240809080809981_1tmp surefire_0-20240809080809981_2tmp"/>
    <property name="jdk.debug" value="release"/>
    <property name="surefire.test.class.path" value="F:\Desarrollo\mintransporte\servicios\bpm\record\pruebas-unitarias\target\test-classes;F:\Desarrollo\mintransporte\servicios\bpm\record\pruebas-unitarias\target\classes;C:\Users\andyb\.m2\repository\org\junit\jupiter\junit-jupiter-api\5.11.0-RC1\junit-jupiter-api-5.11.0-RC1.jar;C:\Users\andyb\.m2\repository\org\opentest4j\opentest4j\1.3.0\opentest4j-1.3.0.jar;C:\Users\andyb\.m2\repository\org\junit\platform\junit-platform-commons\1.11.0-RC1\junit-platform-commons-1.11.0-RC1.jar;C:\Users\andyb\.m2\repository\org\apiguardian\apiguardian-api\1.1.2\apiguardian-api-1.1.2.jar;"/>
    <property name="sun.cpu.endian" value="little"/>
    <property name="user.home" value="C:\Users\andyb"/>
    <property name="user.language" value="en"/>
    <property name="java.specification.vendor" value="Oracle Corporation"/>
    <property name="java.version.date" value="2024-04-16"/>
    <property name="java.home" value="C:\Users\andyb\.jdks\corretto-21.0.3"/>
    <property name="file.separator" value="\"/>
    <property name="basedir" value="F:\Desarrollo\mintransporte\servicios\bpm\record\pruebas-unitarias"/>
    <property name="java.vm.compressedOopsMode" value="Zero based"/>
    <property name="line.separator" value="&#10;"/>
    <property name="java.vm.specification.vendor" value="Oracle Corporation"/>
    <property name="java.specification.name" value="Java Platform API Specification"/>
    <property name="surefire.real.class.path" value="C:\Users\andyb\AppData\Local\Temp\surefire13220805892161093978\surefirebooter-20240809080809981_3.jar"/>
    <property name="user.script" value=""/>
    <property name="sun.management.compiler" value="HotSpot 64-Bit Tiered Compilers"/>
    <property name="java.runtime.version" value="21.0.3+9-LTS"/>
    <property name="user.name" value="andyb"/>
    <property name="stdout.encoding" value="Cp1252"/>
    <property name="path.separator" value=";"/>
    <property name="os.version" value="10.0"/>
    <property name="java.runtime.name" value="OpenJDK Runtime Environment"/>
    <property name="file.encoding" value="UTF-8"/>
    <property name="java.vm.name" value="OpenJDK 64-Bit Server VM"/>
    <property name="java.vendor.version" value="Corretto-21.0.3.9.1"/>
    <property name="localRepository" value="C:\Users\andyb\.m2\repository"/>
    <property name="java.vendor.url.bug" value="https://github.com/corretto/corretto-21/issues/"/>
    <property name="java.io.tmpdir" value="C:\Users\andyb\AppData\Local\Temp\"/>
    <property name="idea.version" value="2024.1.1"/>
    <property name="java.version" value="21.0.3"/>
    <property name="user.dir" value="F:\Desarrollo\mintransporte\servicios\bpm\record\pruebas-unitarias"/>
    <property name="os.arch" value="amd64"/>
    <property name="java.vm.specification.name" value="Java Virtual Machine Specification"/>
    <property name="sun.os.patch.level" value=""/>
    <property name="native.encoding" value="Cp1252"/>
    <property name="java.library.path" value="C:\Users\andyb\.jdks\corretto-21.0.3\bin;C:\WINDOWS\Sun\Java\bin;C:\WINDOWS\system32;C:\WINDOWS;C:\Python310\Scripts\;C:\Python310\;C:\Windows\system32;C:\Windows;C:\Windows\System32\Wbem;C:\Windows\System32\WindowsPowerShell\v1.0\;C:\Windows\System32\OpenSSH\;D:\Programas\Java\jdk\openjdk-11+28_windows-x64_bin\jdk-11\bin;C:\Program Files\Microsoft SQL Server\Client SDK\ODBC\170\Tools\Binn\;C:\Program Files\dotnet\;C:\Program Files\nodejs\;C:\ProgramData\chocolatey\bin;C:\Program Files (x86)\Intel\Intel(R) Management Engine Components\DAL;C:\Program Files\Intel\Intel(R) Management Engine Components\DAL;C:\Program Files\TortoiseSVN\bin;D:\Programas\apache-maven-3.8.6-bin\apache-maven-3.8.6\bin;C:\Program Files\Azure Data Studio\bin;C:\WINDOWS\system32;C:\WINDOWS;C:\WINDOWS\System32\Wbem;C:\WINDOWS\System32\WindowsPowerShell\v1.0\;C:\WINDOWS\System32\OpenSSH\;D:\Programas\Git\cmd;C:\Program Files\MySQL\MySQL Shell 8.0\bin\;C:\Users\andyb\AppData\Local\Microsoft\WindowsApps;C:\Users\andyb\.dotnet\tools;D:\Programas\JetBrains\IntelliJ IDEA Community Edition 2021.3.2\bin;C:\Users\andyb\AppData\Roaming\npm;C:\Users\andyb\AppData\Local\JetBrains\Toolbox\scripts;C:\Program Files\Azure Data Studio\bin;C:\Users\andyb\.dotnet\tools;C:\Users\andyb\AppData\Local\Microsoft\WindowsApps;C:\Users\andyb\.jdks\corretto-17.0.11\bin;;."/>
    <property name="java.vm.info" value="mixed mode, sharing"/>
    <property name="stderr.encoding" value="Cp1252"/>
    <property name="java.vendor" value="Amazon.com Inc."/>
    <property name="java.vm.version" value="21.0.3+9-LTS"/>
    <property name="sun.io.unicode.encoding" value="UnicodeLittle"/>
    <property name="java.class.version" value="65.0"/>
  </properties>
  <testcase name="testDivisionPorZero" classname="co.edu.javeriana.ingsoft.tdd.AppTest" time="0.099"/>
  <testcase name="testDivisionOK" classname="co.edu.javeriana.ingsoft.tdd.AppTest" time="0.007"/>
</testsuite>